<?xml version="1.0" encoding="UTF-8"?>
<!-- Generated by org.testng.reporters.JUnitReportReporter -->
<testsuite skipped="0" hostname="Pranav" name="base.FirstTest" tests="2" failures="0" timestamp="05 Sep 2017 12:51:24 GMT" time="43.715" errors="0">
  <testcase name="loginTest" time="26.751" classname="base.FirstTest"/>
  <testcase name="loginTest" time="16.964" classname="base.FirstTest"/>
</testsuite> <!-- base.FirstTest -->
