<?xml version="1.0" encoding="UTF-8"?>
<!-- Generated by org.testng.reporters.JUnitReportReporter -->
<testsuite skipped="0" hostname="Pranav" name="tests.validLoginTest" tests="1" failures="0" timestamp="07 Sep 2017 16:20:37 GMT" time="21.888" errors="0">
  <testcase name="loginTest" time="21.888" classname="tests.validLoginTest"/>
</testsuite> <!-- tests.validLoginTest -->
