<?xml version="1.0" encoding="UTF-8"?>
<!-- Generated by org.testng.reporters.JUnitReportReporter -->
<testsuite skipped="0" hostname="Pranav" name="tests.searchItemTest" tests="1" failures="0" timestamp="10 Sep 2017 13:42:45 GMT" time="29.749" errors="0">
  <testcase name="searchItem" time="29.749" classname="tests.searchItemTest"/>
</testsuite> <!-- tests.searchItemTest -->
