<?xml version="1.0" encoding="UTF-8"?>
<!-- Generated by org.testng.reporters.JUnitReportReporter -->
<testsuite skipped="1" hostname="Pranav" name="tests.invalidLoginTest" tests="1" failures="0" timestamp="07 Sep 2017 12:52:20 GMT" time="0.000" errors="0">
  <testcase name="loginTest" time="0.000" classname="tests.invalidLoginTest">
    <skipped/>
  </testcase> <!-- loginTest -->
</testsuite> <!-- tests.invalidLoginTest -->
