<?xml version="1.0" encoding="UTF-8"?>
<!-- Generated by org.testng.reporters.JUnitReportReporter -->
<testsuite skipped="0" hostname="Pranav" name="tests.placeOrderTest" tests="1" failures="0" timestamp="10 Sep 2017 15:30:51 GMT" time="57.979" errors="0">
  <testcase name="verifyOrder" time="57.979" classname="tests.placeOrderTest"/>
</testsuite> <!-- tests.placeOrderTest -->
