<?xml version="1.0" encoding="UTF-8"?>
<!-- Generated by org.testng.reporters.JUnitReportReporter -->
<testsuite skipped="0" hostname="Pranav" name="tests.placeOrderTest" tests="1" failures="0" timestamp="11 Sep 2017 21:36:22 GMT" time="49.450" errors="0">
  <testcase name="verifyOrder" time="49.450" classname="tests.placeOrderTest"/>
</testsuite> <!-- tests.placeOrderTest -->
