<?xml version="1.0" encoding="UTF-8"?>
<!-- Generated by org.testng.reporters.JUnitReportReporter -->
<testsuite skipped="0" hostname="Pranav" name="tests.validLoginTest" tests="1" failures="0" timestamp="10 Sep 2017 15:32:37 GMT" time="23.364" errors="0">
  <testcase name="loginTest" time="23.364" classname="tests.validLoginTest"/>
</testsuite> <!-- tests.validLoginTest -->
